<?xml version="1.0" encoding="UTF-8"?>
<!-- Generated by org.testng.reporters.JUnitReportReporter -->
<testsuite hostname="LAPTOP-0TGBEH63" failures="0" tests="1" name="Amazon.hybridFramework.AddToCart" time="18.794" errors="0" timestamp="2025-07-08T22:33:32 PDT" skipped="0">
  <testcase classname="Amazon.hybridFramework.AddToCart" name="addProductToCartAndCheckout" time="18.794"/>
</testsuite> <!-- Amazon.hybridFramework.AddToCart -->
